============================= test session starts =============================
platform win32 -- Python 3.13.7, pytest-9.0.2, pluggy-1.6.0 -- C:\Python313\python.exe
cachedir: .pytest_cache
metadata: {'Python': '3.13.7', 'Platform': 'Windows-11-10.0.26200-SP0', 'Packages': {'pytest': '9.0.2', 'pluggy': '1.6.0'}, 'Plugins': {'anyio': '4.10.0', 'langsmith': '0.4.42', 'asyncio': '1.3.0', 'cov': '4.1.0', 'html': '4.1.1', 'metadata': '3.1.1', 'timeout': '2.2.0'}, 'JAVA_HOME': 'C:\\Program Files\\Java\\jdk-17.0.1'}
rootdir: E:\Python\FastAPI\Trendoscope\trendoscope2
configfile: pytest.ini
plugins: anyio-4.10.0, langsmith-0.4.42, asyncio-1.3.0, cov-4.1.0, html-4.1.1, metadata-3.1.1, timeout-2.2.0
asyncio: mode=Mode.AUTO, debug=False, asyncio_default_fixture_loop_scope=None, asyncio_default_test_loop_scope=function
collecting ... collected 10 items

tests/e2e/test_minimal_setup.py::TestDockerContainers::test_docker_running PASSED [ 10%]
tests/e2e/test_minimal_setup.py::TestDockerContainers::test_redis_container_running PASSED [ 20%]
tests/e2e/test_minimal_setup.py::TestDockerContainers::test_redis_health PASSED [ 30%]
tests/e2e/test_minimal_setup.py::TestAPIEndpoints::test_root_endpoint PASSED [ 40%]
tests/e2e/test_minimal_setup.py::TestAPIEndpoints::test_health_endpoint PASSED [ 50%]
tests/e2e/test_minimal_setup.py::TestNewsFetching::test_news_feed_endpoint PASSED [ 60%]
tests/e2e/test_minimal_setup.py::TestNewsFetching::test_news_feed_with_category PASSED [ 70%]
tests/e2e/test_minimal_setup.py::TestTranslation::test_translate_endpoint PASSED [ 80%]
tests/e2e/test_minimal_setup.py::TestTranslation::test_translate_russian_to_english PASSED [ 90%]
tests/e2e/test_minimal_setup.py::TestRutubeExtractor::test_rutube_generate_endpoint PASSED [100%]

======================= 10 passed in 686.35s (0:11:26) ========================
